<?xml version="1.0" encoding="UTF-8"?>
<testsuite name="com.example.http_excercise.detail.ProductDetailViewModelTest" tests="1" skipped="0" failures="0" errors="0" timestamp="2024-08-16T12:59:05" hostname="Yaldas-MacBook-Pro.local" time="0.044">
  <properties/>
  <testcase name="getProductDetail verify ui state success" classname="com.example.http_excercise.detail.ProductDetailViewModelTest" time="0.044"/>
  <system-out><![CDATA[]]></system-out>
  <system-err><![CDATA[]]></system-err>
</testsuite>
